49ers
bears
bengals
bills
broncos
browns
buccaneers
cardinals
chargers
chiefs
colts
cowboys
dolphins
eagles
falcons
giants
jaguars
jets
lions
packers
panthers
patriots
raiders
rams
ravens
redskins
saints
seahawks
steelers
titans
vikings
hawks
celtics
hornets
bulls
cavaliers
mavericks
nuggets
pistons
warriors
rockets
pacers
clippers
lakers
heat
bucks
timberwolves
nets
knicks
magic
76ers
suns
trail blazers
kings
spurs
supersonics
raptors
jazz
grizzlies
wizards
bullets
angels
diamondbacks
braves
orioles
red sox
cubs
white sox
reds
indians
rockies
tigers
marlins
astros
royals
dodgers
brewers
twins
expos
mets
yankees
athletics
phillies
pirates
padres
giants
mariners
cardinals
rays
rangers
jays
ducks
bruins
sabres
flames
hurricanes
blackhawks
avalanche
stars
red wings
oilers
panthers
whalers
kings
canadiens
predators
devils
islanders
rangers
senators
flyers
coyotes
penguins
nordiques
sharks
blues
lightning
maple leafs
canucks
capitals
jets